\BOOKMARK [0][-]{chapter.1}{Introduction}{}% 1
\BOOKMARK [1][-]{section.1.1}{Research questions}{chapter.1}% 2
\BOOKMARK [1][-]{section.1.2}{Overview of thesis}{chapter.1}% 3
\BOOKMARK [0][-]{chapter.2}{Theoretical background}{}% 4
\BOOKMARK [1][-]{section.2.1}{Apache Isis}{chapter.2}% 5
\BOOKMARK [2][-]{subsection.2.1.1}{Domain-driven development}{section.2.1}% 6
\BOOKMARK [2][-]{subsection.2.1.2}{Naked Objects pattern}{section.2.1}% 7
\BOOKMARK [2][-]{subsection.2.1.3}{Java Framework}{section.2.1}% 8
\BOOKMARK [1][-]{section.2.2}{Previous work}{chapter.2}% 9
\BOOKMARK [1][-]{section.2.3}{Pitfalls in user interface adaptation}{chapter.2}% 10
\BOOKMARK [0][-]{chapter.3}{Methods}{}% 11
\BOOKMARK [1][-]{section.3.1}{User interface adaptation}{chapter.3}% 12
\BOOKMARK [2][-]{subsection.3.1.1}{Detection}{section.3.1}% 13
\BOOKMARK [2][-]{subsection.3.1.2}{Representation}{section.3.1}% 14
\BOOKMARK [2][-]{subsection.3.1.3}{Transformation}{section.3.1}% 15
\BOOKMARK [1][-]{section.3.2}{Experiments}{chapter.3}% 16
\BOOKMARK [2][-]{subsection.3.2.1}{GOMS}{section.3.2}% 17
\BOOKMARK [2][-]{subsection.3.2.2}{Time trial}{section.3.2}% 18
\BOOKMARK [0][-]{chapter.4}{Implementation}{}% 19
\BOOKMARK [1][-]{section.4.1}{Frameworks and tools}{chapter.4}% 20
\BOOKMARK [2][-]{subsection.4.1.1}{REST API}{section.4.1}% 21
\BOOKMARK [2][-]{subsection.4.1.2}{AngularJS}{section.4.1}% 22
\BOOKMARK [2][-]{subsection.4.1.3}{Web Speech API}{section.4.1}% 23
\BOOKMARK [1][-]{section.4.2}{Functionality}{chapter.4}% 24
\BOOKMARK [2][-]{subsection.4.2.1}{Main module}{section.4.2}% 25
\BOOKMARK [2][-]{subsection.4.2.2}{Controllers}{section.4.2}% 26
\BOOKMARK [2][-]{subsection.4.2.3}{Views}{section.4.2}% 27
\BOOKMARK [0][-]{chapter.5}{Evaluation}{}% 28
\BOOKMARK [1][-]{section.5.1}{Specification requirements}{chapter.5}% 29
\BOOKMARK [1][-]{section.5.2}{Experiments}{chapter.5}% 30
\BOOKMARK [2][-]{subsection.5.2.1}{GOMS}{section.5.2}% 31
\BOOKMARK [2][-]{subsection.5.2.2}{Time trial}{section.5.2}% 32
\BOOKMARK [2][-]{subsection.5.2.3}{Performance difference}{section.5.2}% 33
\BOOKMARK [0][-]{chapter.6}{Conclusion}{}% 34
\BOOKMARK [1][-]{section.6.1}{Future work}{chapter.6}% 35
\BOOKMARK [1][-]{section.6.2}{Acknowledgements}{chapter.6}% 36
\BOOKMARK [0][-]{appendix.A}{Application manual}{}% 37
\BOOKMARK [1][-]{section.A.1}{Installation}{appendix.A}% 38
\BOOKMARK [1][-]{section.A.2}{User manual}{appendix.A}% 39
